MPASM  5.51                          MAIN.ASM   2-11-2020  8:26:52         PAGE  1


LOC  OBJECT CODE     LINE SOURCE TEXT
  VALUE

                      00001 #include <p16f887.inc>
                      00001         LIST
                      00002 
                      00003 ;==========================================================================
                      00004 ;  MPASM PIC16F887 processor include
                      00005 ; 
                      00006 ;  (c) Copyright 1999-2013 Microchip Technology, All rights reserved
                      00007 ;==========================================================================
                      00008 
                      00809         LIST
                      00002 #define         button          PORTB,RB0
Warning[205]: Found directive in column 1. (list)
                      00003 list p=16f887
                      00004 
Warning[205]: Found directive in column 1. (__CONFIG)
2007   2FF4           00005 __CONFIG        _CONFIG1, 0x2ff4
Warning[205]: Found directive in column 1. (__CONFIG)
2008   3FFF           00006 __CONFIG        _CONFIG2, 0x3ffF
                      00007 
                      00008         cblock 0x20
  00000020            00009                 cnt_1
  00000021            00010                 cnt_2
  00000022            00011                 led_cnt
  00000023            00012                 _wreg
  00000024            00013                 _status
  00000025            00014                 timer_counter_50ms
  00000026            00015                 timer_counter_5s
  00000027            00016                 level   ;1: hard , 0: easy
  00000028            00017                 sequency
  00000029            00018                 move
                      00019         endc
Warning[207]: Found label after column 1. (TMR0_50MS)
  0000003D            00020         TMR0_50MS       EQU             .61
Warning[207]: Found label after column 1. (LED_RED)
  00000001            00021         LED_RED         EQU             B'00000001'
Warning[207]: Found label after column 1. (LED_YELLOW)
  00000002            00022         LED_YELLOW      EQU             B'00000010'
Warning[207]: Found label after column 1. (LED_GREEN)
  00000004            00023         LED_GREEN       EQU             B'00000100'
Warning[207]: Found label after column 1. (LED_BLUE)
  00000008            00024         LED_BLUE        EQU     B'00001000'
                      00025 
                      00026         org             0x00    ; reset vector
0000   2???           00027         goto    Start
                      00028         
                      00029         org             0x04    ;interrupt vector
0004   00A3           00030         movwf   _wreg
0005   0E03           00031         swapf   STATUS,W
0006   00A4           00032         movwf   _status
0007   190B           00033         btfsc   INTCON, T0IF    ;TO1F === 1 ?
0008   2???           00034         goto    Timer0Interrupt ; yes   
0009   2???           00035         goto    ExitInterrupt   ;no
                      00036         
MPASM  5.51                          MAIN.ASM   2-11-2020  8:26:52         PAGE  2


LOC  OBJECT CODE     LINE SOURCE TEXT
  VALUE

000A                  00037 Timer0Interrupt
000A   110B           00038         bcf             INTCON, T0IF
000B   0AA6           00039         incf    timer_counter_5s,F
000C   0AA5           00040         incf    timer_counter_50ms,F
000D   303D           00041         movlw   TMR0_50MS
000E   0081           00042         movwf   TMR0
000F   2???           00043         goto    ExitInterrupt
                      00044         
0010                  00045 ExitInterrupt
0010   0E24           00046         swapf   _status,W
0011   0083           00047         movwf   STATUS
0012   0EA3           00048         swapf   _wreg,F
0013   0E23           00049         swapf   _wreg,W
                      00050         
0014   0009           00051         retfie
                      00052         
0015                  00053 Start:
                      00054         ;-------- I/0 config --------
                      00055         ;vamos configurar o ra0, ra1 ... para saida digital
                      00056         ;para mudar de banco uso o registrador status
                      00057         ;tris -> fala se os pinos sao saidas ou entradas
                      00058         ;mvlw -> 
                      00059         ;bsf altera seta o bit do registrador 1
                      00060         ;bcf reseta o bit do registrador
                      00061         ;f -> indica um fileeregister (alteram o conteudo de um registrador da memoria ram)
                      00062         ; 1 entrada analogica e 0 para digital
                      00063         ;bancos -> 00=banck0  01=banck1 etc
                      00064         ;PORT: seta o nivel alto ou baixo na porta, 1 alto e 0 baixo
                      00065         ;rlf -> rotaciona os bits para direita
                      00066         ;lrf -> rotaciona para esquerda
                      00067         
0015   01A6           00068         clrf    timer_counter_5s
0016   01A5           00069         clrf    timer_counter_50ms
0017   1683           00070         bsf             STATUS,RP0  ; seleciona o banco 1 RP0 (pag 31 doc)(ficou 01, pois setou o segund
                            o bit para 1)
0018   30F0           00071         movlw   B'11110000' ; setando RA3-RA0 como saida e RA7-RA4 input (1 input 0 output)
Message[302]: Register in operand not in bank 0.  Ensure that bank bits are correct.
0019   0085           00072         movwf   TRISA           ; pega os bits anteriores e seta as portas como entrada ou saida
                      00073         
001A   1703           00074         bsf             STATUS,RP1      ; seleciona o banco 3
Message[302]: Register in operand not in bank 0.  Ensure that bank bits are correct.
001B   0188           00075         clrf    ANSEL           ; configura todas portas e pinos como digital I/0
Message[302]: Register in operand not in bank 0.  Ensure that bank bits are correct.
001C   0189           00076                 clrf    ANSELH          ;PORTB  pins as digital I/O
                      00077                                                 
                      00078         ;----- TMR0 config ------
                      00079         ;queremos que a fonte seja o clk interno
                      00080         ;INTCON , TMR0 e OPTION_REG
                      00081         ;OPTION_REG: T0CS=0 (define clk interno(INTOSC/4),
                      00082         ;PSA= 0 (prescaler TMRO , se nao usar o prescaler ele demora 256uS , e queremos 0.5 segundos, pa
                            ra dobrar os 256 coloco o prescaler 2, ( ele divide o clk em 2), 
                      00083         ;PS= 111
                      00084         
MPASM  5.51                          MAIN.ASM   2-11-2020  8:26:52         PAGE  3


LOC  OBJECT CODE     LINE SOURCE TEXT
  VALUE

001D   1303           00085         bcf             STATUS,RP1              ;banco 1
                      00086         ;mascara para zerar os bits     PS
001E   300E           00087         movlw   b'00001110'
Message[302]: Register in operand not in bank 0.  Ensure that bank bits are correct.
001F   0481           00088         iorwf   OPTION_REG, F   ;iorwf: porta or para setar bits do PS
0020   30D7           00089         movlw   b'11010111'     
Message[302]: Register in operand not in bank 0.  Ensure that bank bits are correct.
0021   0581           00090         andwf   OPTION_REG, F   ;clear T0CS , PSA
                      00091         
0022   1283           00092         bcf             STATUS,RP0              ; bank 0
0023   303D           00093         movlw   .61
0024   0081           00094         movwf   TMR0
0025   110B           00095         bcf             INTCON, T0IF    ;limpando flg de interrupção
0026   168B           00096         bsf             INTCON, T0IE    ;habilita tmrp interrupt
0027   178B           00097         bsf             INTCON, GIE             ;habiilita interrupcoes
0028   2???           00098         call    RotinaInicializacao
                      00099 
0029                  00100 Main:
                      00101 
0029   1806           00102         btfsc   button          ;se o botao de start for pressionado
002A   2???           00103         goto    Main
002B   0801           00104         movf    TMR0,W
002C   00A9           00105         movwf   move            ;COPY TMR0 para move
002D   01A8           00106         clrf    sequency
002E   1886           00107         btfsc   PORTB,RB1       ;level do jogo
002F   2???           00108         goto    LevelEasy
0030   2???           00109         goto    LevelHard
                      00110         
0031                  00111 LevelEasy:
0031   1027           00112         bcf             level,0
0032   2???           00113         goto    Main_Loop
                      00114         
0033                  00115 LevelHard:
0033   1427           00116         bsf             level,0
0034   2???           00117         goto    Main_Loop
                      00118         
0035                  00119 Main_Loop:
0035   2???           00120         call    SorteiaNumeros
0036   2???           00121         goto    Main
                      00122 
0037                  00123 SorteiaNumeros:
0037   3003           00124         movlw   0x03            ;00000111
Message[305]: Using default destination of 1 (file).
0038   05A9           00125         andwf   move            ;clear bits 2-7
                      00126         
0039   3000           00127         movlw   .0
003A   0229           00128         subwf   move,W
003B   1D03           00129         btfss   STATUS,Z
003C   3401           00130         retlw   LED_RED         ;retorna led vermelho
                      00131         
003D   3001           00132         movlw   .1
003E   0229           00133         subwf   move,W
003F   1D03           00134         btfss   STATUS,Z
MPASM  5.51                          MAIN.ASM   2-11-2020  8:26:52         PAGE  4


LOC  OBJECT CODE     LINE SOURCE TEXT
  VALUE

0040   3402           00135         retlw   LED_YELLOW
                      00136         
0041   3002           00137         movlw   .2
0042   0229           00138         subwf   move,W
0043   1D03           00139         btfss   STATUS,Z
0044   3404           00140         retlw   LED_GREEN
                      00141         
0045   3003           00142         movlw   .3
0046   0229           00143         subwf   move,W
0047   1D03           00144         btfss   STATUS,Z
0048   3408           00145         retlw   LED_BLUE
                      00146 
0049                  00147 RotinaInicializacao: 
0049   1303           00148         bcf             STATUS,RP1      
004A   1283           00149         bcf             STATUS,RP0      ; os dois comandos acima resetam os bits seletores de banco, ou 
                            seja fomos para 00(bank0)
004B   300F           00150         movlw   0x0F            ; seleciona os pinos RA0-RA3 (1111)
004C   0085           00151         movwf   PORTA           ; seta os pinos RA0-RA3 (acende os leds)
004D   2???           00152         call    Delay_1s        ; call chama uma função com RETORNO
                      00153         
004E   01A2           00154         clrf    led_cnt ; led_cnt = 0
                      00155         
004F                  00156 LedCountLoop:
                      00157         ;               PORTA   
                      00158         ;00->   00000001
                      00159         ;01->   00000010
                      00160         ;10->   00000100
                      00161         ;11->   00001000
004F   0185           00162         clrf    PORTA           ; seta 0 para todas saidas (apaga os leds)
                      00163         
0050   3000           00164         movlw   .0                      ; colocando 0 no work, decimal a gente coloca '.' e o numero    
0051   0222           00165         subwf   led_cnt, W      ; subwf -> substitui w de f onde f é ledcnt e o resultado ficara no mesm
                            o registrador de entrada (led_cnt) e w = 0
0052   1903           00166         btfsc   STATUS, Z       ; se z=0 pula a proxima linha (z é se a subtração deu 0 ou nao)
0053   1405           00167         bsf             PORTA,RA0       ; acendi o led 0
                      00168         
0054   3001           00169         movlw   .1
0055   0222           00170         subwf   led_cnt, W
0056   1903           00171         btfsc   STATUS, Z       
0057   1485           00172         bsf             PORTA,RA1
                      00173         
0058   3002           00174         movlw   .2
0059   0222           00175         subwf   led_cnt, W
005A   1903           00176         btfsc   STATUS, Z       
005B   1505           00177         bsf             PORTA,RA2
                      00178         
005C   3003           00179         movlw   .3
005D   0222           00180         subwf   led_cnt, W
005E   1903           00181         btfsc   STATUS, Z       
005F   1585           00182         bsf             PORTA,RA3
                      00183         
0060   2???           00184         call    Delay_200ms
0061   0AA2           00185         incf    led_cnt, F      ; incrementei o led_cnt (F significa q vai salvar no proprio led_cnt)
MPASM  5.51                          MAIN.ASM   2-11-2020  8:26:52         PAGE  5


LOC  OBJECT CODE     LINE SOURCE TEXT
  VALUE

                      00186         
                      00187         ;verificar se o led_cnt é 4
0062   3004           00188         movlw   .4
0063   0222           00189         subwf   led_cnt, W  ; subtrai 4 de led_cnt e salva em w
0064   1D03           00190         btfss   STATUS, Z       ;led_cnt == 4 ? z é 1 se a subtração foi zero
0065   2???           00191         goto    LedCountLoop;se nao for executa aqu
0066   0185           00192         clrf    PORTA           ;se for 4 executa aqui (ja fez toda rotina), apaga todos leds
0067   0008           00193         return  
                      00194                                 
0068                  00195 Delay_1s:                                       
0068   2???           00196         call    Delay_200ms
0069   2???           00197         call    Delay_200ms
006A   2???           00198         call    Delay_200ms
006B   2???           00199         call    Delay_200ms
006C   2???           00200         call    Delay_200ms
006D   0008           00201         return
                      00202         
006E                  00203 Delay_1ms:
006E   30F8           00204         movlw   .248 
006F   00A0           00205         movwf   cnt_1
                      00206 
0070                  00207 Delay1:
0070   0000           00208         nop
0071   0BA0           00209         decfsz  cnt_1,  F       ;decrementando cnt_1 e F significa q salvou no proprio registrador de en
                            trada (cnt_1)   
0072   2???           00210         goto    Delay1
0073   0008           00211         return 
                      00212         
0074                  00213 Delay_200ms:                    ;aqui eu chamo o delay de 1ms 200 vezes
0074   30C8           00214         movlw   .200
0075   00A1           00215         movwf   cnt_2
                      00216 
0076                  00217 Delay2:
0076   2???           00218         call    Delay_1ms
0077   0BA1           00219         decfsz  cnt_2,F         ;se chegar a zero pula a proxima linha
0078   2???           00220         goto    Delay2
0079   0008           00221         return
                      00222         
007A                  00223 Delay_10us:                             ;aqui gastamos 6 nops, cada um gasta 1us , o retorno 2us e o cal
                            l do rdelay gastou 2us totalizando 10 us
007A   0000           00224         nop
007B   0000           00225         nop
007C   0000           00226         nop
007D   0000           00227         nop
007E   0000           00228         nop
007F   0000           00229         nop
0080   0008           00230         return
                      00231         
2FF4 3FFF             00232         end     
MPASM  5.51                          MAIN.ASM   2-11-2020  8:26:52         PAGE  6


SYMBOL TABLE
  LABEL                             VALUE 

ABDEN                             00000000
ABDOVF                            00000007
ACKDT                             00000005
ACKEN                             00000004
ACKSTAT                           00000006
ADCON0                            0000001F
ADCON1                            0000009F
ADCS0                             00000006
ADCS1                             00000007
ADDEN                             00000003
ADFM                              00000007
ADIE                              00000006
ADIF                              00000006
ADON                              00000000
ADRESH                            0000001E
ADRESL                            0000009E
ANS0                              00000000
ANS1                              00000001
ANS10                             00000002
ANS11                             00000003
ANS12                             00000004
ANS13                             00000005
ANS2                              00000002
ANS3                              00000003
ANS4                              00000004
ANS5                              00000005
ANS6                              00000006
ANS7                              00000007
ANS8                              00000000
ANS9                              00000001
ANSEL                             00000188
ANSELH                            00000189
BAUDCTL                           00000187
BCLIE                             00000003
BCLIF                             00000003
BF                                00000000
BRG0                              00000000
BRG1                              00000001
BRG10                             00000002
BRG11                             00000003
BRG12                             00000004
BRG13                             00000005
BRG14                             00000006
BRG15                             00000007
BRG16                             00000003
BRG2                              00000002
BRG3                              00000003
BRG4                              00000004
BRG5                              00000005
BRG6                              00000006
BRG7                              00000007
BRG8                              00000000
BRG9                              00000001
MPASM  5.51                          MAIN.ASM   2-11-2020  8:26:52         PAGE  7


SYMBOL TABLE
  LABEL                             VALUE 

BRGH                              00000002
C                                 00000000
C1CH0                             00000000
C1CH1                             00000001
C1IE                              00000005
C1IF                              00000005
C1OE                              00000005
C1ON                              00000007
C1OUT                             00000006
C1POL                             00000004
C1R                               00000002
C1RSEL                            00000005
C1SEN                             00000005
C2CH0                             00000000
C2CH1                             00000001
C2IE                              00000006
C2IF                              00000006
C2OE                              00000005
C2ON                              00000007
C2OUT                             00000006
C2POL                             00000004
C2R                               00000002
C2REN                             00000004
C2RSEL                            00000004
C2SYNC                            00000000
CCP1CON                           00000017
CCP1IE                            00000002
CCP1IF                            00000002
CCP1M0                            00000000
CCP1M1                            00000001
CCP1M2                            00000002
CCP1M3                            00000003
CCP1X                             00000005
CCP1Y                             00000004
CCP2CON                           0000001D
CCP2IE                            00000000
CCP2IF                            00000000
CCP2M0                            00000000
CCP2M1                            00000001
CCP2M2                            00000002
CCP2M3                            00000003
CCP2X                             00000005
CCP2Y                             00000004
CCPR1                             00000015
CCPR1H                            00000016
CCPR1L                            00000015
CCPR2                             0000001B
CCPR2H                            0000001C
CCPR2L                            0000001B
CHS0                              00000002
CHS1                              00000003
CHS2                              00000004
CHS3                              00000005
MPASM  5.51                          MAIN.ASM   2-11-2020  8:26:52         PAGE  8


SYMBOL TABLE
  LABEL                             VALUE 

CKE                               00000006
CKP                               00000004
CM1CON0                           00000107
CM2CON0                           00000108
CM2CON1                           00000109
CREN                              00000004
CSRC                              00000007
D                                 00000005
DATA_ADDRESS                      00000005
DC                                00000001
DC1B0                             00000004
DC1B1                             00000005
DC2B0                             00000004
DC2B1                             00000005
D_A                               00000005
D_NOT_A                           00000005
Delay1                            00000070
Delay2                            00000076
Delay_10us                        0000007A
Delay_1ms                         0000006E
Delay_1s                          00000068
Delay_200ms                       00000074
ECCPAS                            0000009C
ECCPAS0                           00000004
ECCPAS1                           00000005
ECCPAS2                           00000006
ECCPASE                           00000007
EEADR                             0000010D
EEADRH                            0000010F
EECON1                            0000018C
EECON2                            0000018D
EEDAT                             0000010C
EEDATA                            0000010C
EEDATH                            0000010E
EEIE                              00000004
EEIF                              00000004
EEPGD                             00000007
ExitInterrupt                     00000010
F                                 00000001
FERR                              00000002
FSR                               00000004
FVREN                             00000000
GCEN                              00000007
GIE                               00000007
GO                                00000001
GO_DONE                           00000001
GO_NOT_DONE                       00000001
HTS                               00000002
I2C_DATA                          00000005
I2C_READ                          00000002
I2C_START                         00000003
I2C_STOP                          00000004
INDF                              00000000
MPASM  5.51                          MAIN.ASM   2-11-2020  8:26:52         PAGE  9


SYMBOL TABLE
  LABEL                             VALUE 

INTCON                            0000000B
INTE                              00000004
INTEDG                            00000006
INTF                              00000001
IOCB                              00000096
IOCB0                             00000000
IOCB1                             00000001
IOCB2                             00000002
IOCB3                             00000003
IOCB4                             00000004
IOCB5                             00000005
IOCB6                             00000006
IOCB7                             00000007
IRCF0                             00000004
IRCF1                             00000005
IRCF2                             00000006
IRP                               00000007
LED_BLUE                          00000008
LED_GREEN                         00000004
LED_RED                           00000001
LED_YELLOW                        00000002
LTS                               00000001
LedCountLoop                      0000004F
LevelEasy                         00000031
LevelHard                         00000033
MC1OUT                            00000007
MC2OUT                            00000006
MSK                               00000093
MSK0                              00000000
MSK1                              00000001
MSK2                              00000002
MSK3                              00000003
MSK4                              00000004
MSK5                              00000005
MSK6                              00000006
MSK7                              00000007
Main                              00000029
Main_Loop                         00000035
NOT_A                             00000005
NOT_ADDRESS                       00000005
NOT_BO                            00000000
NOT_BOR                           00000000
NOT_DONE                          00000001
NOT_PD                            00000003
NOT_POR                           00000001
NOT_RBPU                          00000007
NOT_RC8                           00000006
NOT_T1SYNC                        00000002
NOT_TO                            00000004
NOT_TX8                           00000006
NOT_W                             00000002
NOT_WRITE                         00000002
OERR                              00000001
MPASM  5.51                          MAIN.ASM   2-11-2020  8:26:52         PAGE 10


SYMBOL TABLE
  LABEL                             VALUE 

OPTION_REG                        00000081
OSCCON                            0000008F
OSCTUNE                           00000090
OSFIE                             00000007
OSFIF                             00000007
OSTS                              00000003
P                                 00000004
P1M0                              00000006
P1M1                              00000007
PCL                               00000002
PCLATH                            0000000A
PCON                              0000008E
PDC0                              00000000
PDC1                              00000001
PDC2                              00000002
PDC3                              00000003
PDC4                              00000004
PDC5                              00000005
PDC6                              00000006
PEIE                              00000006
PEN                               00000002
PIE1                              0000008C
PIE2                              0000008D
PIR1                              0000000C
PIR2                              0000000D
PORTA                             00000005
PORTB                             00000006
PORTC                             00000007
PORTD                             00000008
PORTE                             00000009
PR2                               00000092
PRSEN                             00000007
PS0                               00000000
PS1                               00000001
PS2                               00000002
PSA                               00000003
PSSAC0                            00000002
PSSAC1                            00000003
PSSBD0                            00000000
PSSBD1                            00000001
PSTRCON                           0000009D
PULSR                             00000002
PULSS                             00000003
PWM1CON                           0000009B
R                                 00000002
RA0                               00000000
RA1                               00000001
RA2                               00000002
RA3                               00000003
RA4                               00000004
RA5                               00000005
RA6                               00000006
RA7                               00000007
MPASM  5.51                          MAIN.ASM   2-11-2020  8:26:52         PAGE 11


SYMBOL TABLE
  LABEL                             VALUE 

RB0                               00000000
RB1                               00000001
RB2                               00000002
RB3                               00000003
RB4                               00000004
RB5                               00000005
RB6                               00000006
RB7                               00000007
RBIE                              00000003
RBIF                              00000000
RC0                               00000000
RC1                               00000001
RC2                               00000002
RC3                               00000003
RC4                               00000004
RC5                               00000005
RC6                               00000006
RC7                               00000007
RC8_9                             00000006
RC9                               00000006
RCD8                              00000000
RCEN                              00000003
RCIDL                             00000006
RCIE                              00000005
RCIF                              00000005
RCREG                             0000001A
RCSTA                             00000018
RD                                00000000
RD0                               00000000
RD1                               00000001
RD2                               00000002
RD3                               00000003
RD4                               00000004
RD5                               00000005
RD6                               00000006
RD7                               00000007
RE0                               00000000
RE1                               00000001
RE2                               00000002
RE3                               00000003
READ_WRITE                        00000002
RP0                               00000005
RP1                               00000006
RSEN                              00000001
RX9                               00000006
RX9D                              00000000
R_NOT_W                           00000002
R_W                               00000002
RotinaInicializacao               00000049
S                                 00000003
SBOREN                            00000004
SCKP                              00000004
SCS                               00000000
MPASM  5.51                          MAIN.ASM   2-11-2020  8:26:52         PAGE 12


SYMBOL TABLE
  LABEL                             VALUE 

SEN                               00000000
SENDB                             00000003
SMP                               00000007
SPBRG                             00000099
SPBRGH                            0000009A
SPEN                              00000007
SR0                               00000006
SR1                               00000007
SRCON                             00000185
SREN                              00000005
SSPADD                            00000093
SSPBUF                            00000013
SSPCON                            00000014
SSPCON2                           00000091
SSPEN                             00000005
SSPIE                             00000003
SSPIF                             00000003
SSPM0                             00000000
SSPM1                             00000001
SSPM2                             00000002
SSPM3                             00000003
SSPMSK                            00000093
SSPOV                             00000006
SSPSTAT                           00000094
STATUS                            00000003
STRA                              00000000
STRB                              00000001
STRC                              00000002
STRD                              00000003
STRSYNC                           00000004
SWDTEN                            00000000
SYNC                              00000004
SorteiaNumeros                    00000037
Start                             00000015
T0CS                              00000005
T0IE                              00000005
T0IF                              00000002
T0SE                              00000004
T1CKPS0                           00000004
T1CKPS1                           00000005
T1CON                             00000010
T1GINV                            00000007
T1GIV                             00000007
T1GSS                             00000001
T1INSYNC                          00000002
T1OSCEN                           00000003
T1SYNC                            00000002
T2CKPS0                           00000000
T2CKPS1                           00000001
T2CON                             00000012
TMR0                              00000001
TMR0IE                            00000005
TMR0IF                            00000002
MPASM  5.51                          MAIN.ASM   2-11-2020  8:26:52         PAGE 13


SYMBOL TABLE
  LABEL                             VALUE 

TMR0_50MS                         0000003D
TMR1                              0000000E
TMR1CS                            00000001
TMR1GE                            00000006
TMR1H                             0000000F
TMR1IE                            00000000
TMR1IF                            00000000
TMR1L                             0000000E
TMR1ON                            00000000
TMR2                              00000011
TMR2IE                            00000001
TMR2IF                            00000001
TMR2ON                            00000002
TOUTPS0                           00000003
TOUTPS1                           00000004
TOUTPS2                           00000005
TOUTPS3                           00000006
TRISA                             00000085
TRISA0                            00000000
TRISA1                            00000001
TRISA2                            00000002
TRISA3                            00000003
TRISA4                            00000004
TRISA5                            00000005
TRISA6                            00000006
TRISA7                            00000007
TRISB                             00000086
TRISB0                            00000000
TRISB1                            00000001
TRISB2                            00000002
TRISB3                            00000003
TRISB4                            00000004
TRISB5                            00000005
TRISB6                            00000006
TRISB7                            00000007
TRISC                             00000087
TRISC0                            00000000
TRISC1                            00000001
TRISC2                            00000002
TRISC3                            00000003
TRISC4                            00000004
TRISC5                            00000005
TRISC6                            00000006
TRISC7                            00000007
TRISD                             00000088
TRISD0                            00000000
TRISD1                            00000001
TRISD2                            00000002
TRISD3                            00000003
TRISD4                            00000004
TRISD5                            00000005
TRISD6                            00000006
TRISD7                            00000007
MPASM  5.51                          MAIN.ASM   2-11-2020  8:26:52         PAGE 14


SYMBOL TABLE
  LABEL                             VALUE 

TRISE                             00000089
TRISE0                            00000000
TRISE1                            00000001
TRISE2                            00000002
TRISE3                            00000003
TRMT                              00000001
TUN0                              00000000
TUN1                              00000001
TUN2                              00000002
TUN3                              00000003
TUN4                              00000004
TX8_9                             00000006
TX9                               00000006
TX9D                              00000000
TXD8                              00000000
TXEN                              00000005
TXIE                              00000004
TXIF                              00000004
TXREG                             00000019
TXSTA                             00000098
Timer0Interrupt                   0000000A
UA                                00000001
ULPWUE                            00000005
ULPWUIE                           00000002
ULPWUIF                           00000002
VCFG0                             00000004
VCFG1                             00000005
VR0                               00000000
VR1                               00000001
VR2                               00000002
VR3                               00000003
VRCON                             00000097
VREN                              00000007
VROE                              00000006
VRR                               00000005
VRSS                              00000004
W                                 00000000
WCOL                              00000007
WDTCON                            00000105
WDTPS0                            00000001
WDTPS1                            00000002
WDTPS2                            00000003
WDTPS3                            00000004
WPUB                              00000095
WPUB0                             00000000
WPUB1                             00000001
WPUB2                             00000002
WPUB3                             00000003
WPUB4                             00000004
WPUB5                             00000005
WPUB6                             00000006
WPUB7                             00000007
WR                                00000001
MPASM  5.51                          MAIN.ASM   2-11-2020  8:26:52         PAGE 15


SYMBOL TABLE
  LABEL                             VALUE 

WREN                              00000002
WRERR                             00000003
WUE                               00000001
Z                                 00000002
_BOR21V                           00003EFF
_BOR40V                           00003FFF
_BOR4V_BOR21V                     00003EFF
_BOR4V_BOR40V                     00003FFF
_BOREN_NSLEEP                     00003EFF
_BOREN_OFF                        00003CFF
_BOREN_ON                         00003FFF
_BOREN_SBODEN                     00003DFF
_BOR_NSLEEP                       00003EFF
_BOR_OFF                          00003CFF
_BOR_ON                           00003FFF
_BOR_SBODEN                       00003DFF
_CONFIG1                          00002007
_CONFIG2                          00002008
_CPD_OFF                          00003FFF
_CPD_ON                           00003F7F
_CP_OFF                           00003FFF
_CP_ON                            00003FBF
_DEBUG_OFF                        00003FFF
_DEBUG_ON                         00001FFF
_DEVID1                           00002006
_EC_OSC                           00003FFB
_EXTRC                            00003FFF
_EXTRCIO                          00003FFE
_EXTRC_OSC_CLKOUT                 00003FFF
_EXTRC_OSC_NOCLKOUT               00003FFE
_FCMEN_OFF                        000037FF
_FCMEN_ON                         00003FFF
_FOSC_EC                          00003FFB
_FOSC_EXTRC_CLKOUT                00003FFF
_FOSC_EXTRC_NOCLKOUT              00003FFE
_FOSC_HS                          00003FFA
_FOSC_INTRC_CLKOUT                00003FFD
_FOSC_INTRC_NOCLKOUT              00003FFC
_FOSC_LP                          00003FF8
_FOSC_XT                          00003FF9
_HS_OSC                           00003FFA
_IDLOC0                           00002000
_IDLOC1                           00002001
_IDLOC2                           00002002
_IDLOC3                           00002003
_IESO_OFF                         00003BFF
_IESO_ON                          00003FFF
_INTOSC                           00003FFD
_INTOSCIO                         00003FFC
_INTRC_OSC_CLKOUT                 00003FFD
_INTRC_OSC_NOCLKOUT               00003FFC
_LP_OSC                           00003FF8
_LVP_OFF                          00002FFF
MPASM  5.51                          MAIN.ASM   2-11-2020  8:26:52         PAGE 16


SYMBOL TABLE
  LABEL                             VALUE 

_LVP_ON                           00003FFF
_MCLRE_OFF                        00003FDF
_MCLRE_ON                         00003FFF
_PWRTE_OFF                        00003FFF
_PWRTE_ON                         00003FEF
_WDTE_OFF                         00003FF7
_WDTE_ON                          00003FFF
_WDT_OFF                          00003FF7
_WDT_ON                           00003FFF
_WRT_1FOURTH                      00003BFF
_WRT_256                          00003DFF
_WRT_HALF                         000039FF
_WRT_OFF                          00003FFF
_XT_OSC                           00003FF9
__16F887                          00000001
_status                           00000024
_wreg                             00000023
button                            PORTB,RB0
cnt_1                             00000020
cnt_2                             00000021
led_cnt                           00000022
level                             00000027
move                              00000029
sequency                          00000028
timer_counter_50ms                00000025
timer_counter_5s                  00000026

Errors   :     0
Warnings :     8 reported,     0 suppressed
Messages :     6 reported,     0 suppressed

